----------------------------------------------------------------
Thu Oct 03 08:47:18 BST 2019:
Booting Derby version The Apache Software Foundation - Apache Derby - 10.14.2.0 - (1828579): instance a816c00e-016d-9096-603a-00000fd033a0 
on database directory memory:D:\Projects\springBoot\discovery-server\testdb with class loader sun.misc.Launcher$AppClassLoader@18b4aac2 
Loaded from file:/C:/Users/Anil/.m2/repository/org/apache/derby/derby/10.14.2.0/derby-10.14.2.0.jar
java.vendor=Oracle Corporation
java.runtime.version=1.8.0_221-b11
user.dir=D:\Projects\springBoot\discovery-server
os.name=Windows 10
os.arch=amd64
os.version=10.0
derby.system.home=null
Database Class Loader started - derby.database.classpath=''
----------------------------------------------------------------
Thu Oct 03 08:47:55 BST 2019:
Shutting down instance a816c00e-016d-9096-603a-00000fd033a0 on database directory memory:D:\Projects\springBoot\discovery-server\testdb with class loader sun.misc.Launcher$AppClassLoader@18b4aac2 
----------------------------------------------------------------
Thu Oct 03 08:48:06 BST 2019:
Booting Derby version The Apache Software Foundation - Apache Derby - 10.14.2.0 - (1828579): instance cead00d8-016d-9096-603a-00000fd033a0 
on database directory memory:D:\Projects\springBoot\discovery-server\testdb with class loader sun.misc.Launcher$AppClassLoader@18b4aac2 
Loaded from file:/C:/Users/Anil/.m2/repository/org/apache/derby/derby/10.14.2.0/derby-10.14.2.0.jar
java.vendor=Oracle Corporation
java.runtime.version=1.8.0_221-b11
user.dir=D:\Projects\springBoot\discovery-server
os.name=Windows 10
os.arch=amd64
os.version=10.0
derby.system.home=null
Database Class Loader started - derby.database.classpath=''
